2024-11-04 12:30:47.692 [background-preinit] INFO  o.h.validator.internal.util.Version - HV000001: Hibernate Validator 8.0.1.Final
2024-11-04 12:30:47.734 [main] INFO  c.a.roombooker.RoomBookerApplication - Starting RoomBookerApplication using Java 21.0.2 with PID 24048 (C:\Users\johnp\Downloads\room-booker\target\classes started by johnp in C:\Users\johnp\Downloads\room-booker)
2024-11-04 12:30:47.734 [main] DEBUG c.a.roombooker.RoomBookerApplication - Running with Spring Boot v3.3.4, Spring v6.1.13
2024-11-04 12:30:47.735 [main] INFO  c.a.roombooker.RoomBookerApplication - No active profile set, falling back to 1 default profile: "default"
2024-11-04 12:30:48.576 [main] INFO  o.s.d.r.c.RepositoryConfigurationDelegate - Bootstrapping Spring Data JPA repositories in DEFAULT mode.
2024-11-04 12:30:48.642 [main] INFO  o.s.d.r.c.RepositoryConfigurationDelegate - Finished Spring Data repository scanning in 57 ms. Found 2 JPA repository interfaces.
2024-11-04 12:30:49.154 [main] INFO  o.s.b.w.e.tomcat.TomcatWebServer - Tomcat initialized with port 8080 (http)
2024-11-04 12:30:49.165 [main] INFO  o.a.coyote.http11.Http11NioProtocol - Initializing ProtocolHandler ["http-nio-8080"]
2024-11-04 12:30:49.168 [main] INFO  o.a.catalina.core.StandardService - Starting service [Tomcat]
2024-11-04 12:30:49.168 [main] INFO  o.a.catalina.core.StandardEngine - Starting Servlet engine: [Apache Tomcat/10.1.30]
2024-11-04 12:30:49.222 [main] INFO  o.a.c.c.C.[Tomcat].[localhost].[/] - Initializing Spring embedded WebApplicationContext
2024-11-04 12:30:49.223 [main] INFO  o.s.b.w.s.c.ServletWebServerApplicationContext - Root WebApplicationContext: initialization completed in 1442 ms
2024-11-04 12:30:49.249 [main] INFO  com.zaxxer.hikari.HikariDataSource - HikariPool-1 - Starting...
2024-11-04 12:30:49.464 [main] INFO  com.zaxxer.hikari.pool.HikariPool - HikariPool-1 - Added connection conn0: url=jdbc:h2:mem:roomdb user=SA
2024-11-04 12:30:49.466 [main] INFO  com.zaxxer.hikari.HikariDataSource - HikariPool-1 - Start completed.
2024-11-04 12:30:49.476 [main] INFO  o.s.b.a.h.H2ConsoleAutoConfiguration - H2 console available at '/h2-console'. Database available at 'jdbc:h2:mem:roomdb'
2024-11-04 12:30:49.618 [main] INFO  liquibase.database - Set default schema name to PUBLIC
2024-11-04 12:30:50.170 [main] INFO  liquibase.changelog - Creating database history table with name: PUBLIC.DATABASECHANGELOG
2024-11-04 12:30:50.253 [main] INFO  liquibase.changelog - Reading from PUBLIC.DATABASECHANGELOG
2024-11-04 12:30:50.331 [main] INFO  liquibase.lockservice - Successfully acquired change log lock
2024-11-04 12:30:50.334 [main] INFO  liquibase.command - Using deploymentId: 0716250334
2024-11-04 12:30:50.339 [main] INFO  liquibase.changelog - Reading from PUBLIC.DATABASECHANGELOG
2024-11-04 12:30:50.364 [main] INFO  liquibase.ui - Running Changeset: db/changelog/changesets/01-init.xml::1::johnpapwinter
2024-11-04 12:30:50.376 [main] INFO  liquibase.changelog - Table bookings created
2024-11-04 12:30:50.377 [main] INFO  liquibase.changelog - ChangeSet db/changelog/changesets/01-init.xml::1::johnpapwinter ran successfully in 9ms
2024-11-04 12:30:50.382 [main] INFO  liquibase.ui - Running Changeset: db/changelog/changesets/02-add-app-user.xml::1::johnpapwinter
2024-11-04 12:30:50.388 [main] INFO  liquibase.changelog - Table acme_users created
2024-11-04 12:30:50.396 [main] INFO  liquibase.changelog - Columns acme_user_id(BIGINT) added to bookings
2024-11-04 12:30:50.397 [main] INFO  liquibase.changelog - ChangeSet db/changelog/changesets/02-add-app-user.xml::1::johnpapwinter ran successfully in 14ms
2024-11-04 12:30:50.400 [main] INFO  liquibase.ui - Running Changeset: db/changelog/changesets/03-populate-table.xml::1::johnpapwinter
2024-11-04 12:30:50.408 [main] INFO  liquibase.changelog - New row inserted into acme_users
2024-11-04 12:30:50.411 [main] INFO  liquibase.changelog - New row inserted into bookings
2024-11-04 12:30:50.412 [main] INFO  liquibase.changelog - New row inserted into bookings
2024-11-04 12:30:50.414 [main] INFO  liquibase.changelog - New row inserted into bookings
2024-11-04 12:30:50.415 [main] INFO  liquibase.changelog - ChangeSet db/changelog/changesets/03-populate-table.xml::1::johnpapwinter ran successfully in 15ms
2024-11-04 12:30:50.421 [main] INFO  liquibase.util - UPDATE SUMMARY
2024-11-04 12:30:50.422 [main] INFO  liquibase.util - Run:                          3
2024-11-04 12:30:50.422 [main] INFO  liquibase.util - Previously run:               0
2024-11-04 12:30:50.422 [main] INFO  liquibase.util - Filtered out:                 0
2024-11-04 12:30:50.422 [main] INFO  liquibase.util - -------------------------------
2024-11-04 12:30:50.422 [main] INFO  liquibase.util - Total change sets:            3
2024-11-04 12:30:50.423 [main] INFO  liquibase.util - Update summary generated
2024-11-04 12:30:50.425 [main] INFO  liquibase.command - Update command completed successfully.
2024-11-04 12:30:50.426 [main] INFO  liquibase.ui - Liquibase: Update has been successful. Rows affected: 7
2024-11-04 12:30:50.427 [main] INFO  liquibase.lockservice - Successfully released change log lock
2024-11-04 12:30:50.429 [main] INFO  liquibase.command - Command execution complete
2024-11-04 12:30:50.493 [main] INFO  o.h.jpa.internal.util.LogHelper - HHH000204: Processing PersistenceUnitInfo [name: default]
2024-11-04 12:30:50.550 [main] INFO  org.hibernate.Version - HHH000412: Hibernate ORM core version 6.5.3.Final
2024-11-04 12:30:50.588 [main] INFO  o.h.c.i.RegionFactoryInitiator - HHH000026: Second-level cache disabled
2024-11-04 12:30:50.891 [main] INFO  o.s.o.j.p.SpringPersistenceUnitInfo - No LoadTimeWeaver setup: ignoring JPA class transformer
2024-11-04 12:30:50.937 [main] WARN  org.hibernate.orm.deprecation - HHH90000025: H2Dialect does not need to be specified explicitly using 'hibernate.dialect' (remove the property setting and it will be selected by default)
2024-11-04 12:30:51.847 [main] INFO  o.h.e.t.j.p.i.JtaPlatformInitiator - HHH000489: No JTA platform available (set 'hibernate.transaction.jta.platform' to enable JTA platform integration)
2024-11-04 12:30:51.850 [main] INFO  o.s.o.j.LocalContainerEntityManagerFactoryBean - Initialized JPA EntityManagerFactory for persistence unit 'default'
2024-11-04 12:30:52.170 [main] DEBUG c.a.r.security.AuthTokenFilter - Filter 'authTokenFilter' configured for use
2024-11-04 12:30:52.192 [main] WARN  o.s.b.w.s.c.AnnotationConfigServletWebServerApplicationContext - Exception encountered during context initialization - cancelling refresh attempt: org.springframework.beans.factory.UnsatisfiedDependencyException: Error creating bean with name 'scheduler' defined in file [C:\Users\johnp\Downloads\room-booker\target\classes\com\acme\roombooker\config\Scheduler.class]: Unsatisfied dependency expressed through constructor parameter 0: Error creating bean with name 'bookingServiceImpl' defined in file [C:\Users\johnp\Downloads\room-booker\target\classes\com\acme\roombooker\service\BookingServiceImpl.class]: Unsatisfied dependency expressed through constructor parameter 0: Error creating bean with name 'bookingRepository' defined in com.acme.roombooker.domain.repository.BookingRepository defined in @EnableJpaRepositories declared on JpaRepositoriesRegistrar.EnableJpaRepositoriesConfiguration: Could not create query for public abstract java.util.List com.acme.roombooker.domain.repository.BookingRepository.findAllByRoomAndBookingDateAndStartTimeBetween(com.acme.roombooker.domain.enums.MeetingRoom,java.time.LocalDate,java.time.LocalTime,java.time.LocalTime); Reason: Failed to create query for method public abstract java.util.List com.acme.roombooker.domain.repository.BookingRepository.findAllByRoomAndBookingDateAndStartTimeBetween(com.acme.roombooker.domain.enums.MeetingRoom,java.time.LocalDate,java.time.LocalTime,java.time.LocalTime); No property 'room' found for type 'Booking'
2024-11-04 12:30:52.192 [main] INFO  o.s.o.j.LocalContainerEntityManagerFactoryBean - Closing JPA EntityManagerFactory for persistence unit 'default'
2024-11-04 12:30:52.194 [main] INFO  com.zaxxer.hikari.HikariDataSource - HikariPool-1 - Shutdown initiated...
2024-11-04 12:30:52.195 [main] INFO  com.zaxxer.hikari.HikariDataSource - HikariPool-1 - Shutdown completed.
2024-11-04 12:30:52.196 [main] INFO  o.a.catalina.core.StandardService - Stopping service [Tomcat]
2024-11-04 12:30:52.205 [main] INFO  o.s.b.a.l.ConditionEvaluationReportLogger - 

Error starting ApplicationContext. To display the condition evaluation report re-run your application with 'debug' enabled.
2024-11-04 12:30:52.221 [main] ERROR o.s.boot.SpringApplication - Application run failed
org.springframework.beans.factory.UnsatisfiedDependencyException: Error creating bean with name 'scheduler' defined in file [C:\Users\johnp\Downloads\room-booker\target\classes\com\acme\roombooker\config\Scheduler.class]: Unsatisfied dependency expressed through constructor parameter 0: Error creating bean with name 'bookingServiceImpl' defined in file [C:\Users\johnp\Downloads\room-booker\target\classes\com\acme\roombooker\service\BookingServiceImpl.class]: Unsatisfied dependency expressed through constructor parameter 0: Error creating bean with name 'bookingRepository' defined in com.acme.roombooker.domain.repository.BookingRepository defined in @EnableJpaRepositories declared on JpaRepositoriesRegistrar.EnableJpaRepositoriesConfiguration: Could not create query for public abstract java.util.List com.acme.roombooker.domain.repository.BookingRepository.findAllByRoomAndBookingDateAndStartTimeBetween(com.acme.roombooker.domain.enums.MeetingRoom,java.time.LocalDate,java.time.LocalTime,java.time.LocalTime); Reason: Failed to create query for method public abstract java.util.List com.acme.roombooker.domain.repository.BookingRepository.findAllByRoomAndBookingDateAndStartTimeBetween(com.acme.roombooker.domain.enums.MeetingRoom,java.time.LocalDate,java.time.LocalTime,java.time.LocalTime); No property 'room' found for type 'Booking'
	at org.springframework.beans.factory.support.ConstructorResolver.createArgumentArray(ConstructorResolver.java:795)
	at org.springframework.beans.factory.support.ConstructorResolver.autowireConstructor(ConstructorResolver.java:237)
	at org.springframework.beans.factory.support.AbstractAutowireCapableBeanFactory.autowireConstructor(AbstractAutowireCapableBeanFactory.java:1375)
	at org.springframework.beans.factory.support.AbstractAutowireCapableBeanFactory.createBeanInstance(AbstractAutowireCapableBeanFactory.java:1212)
	at org.springframework.beans.factory.support.AbstractAutowireCapableBeanFactory.doCreateBean(AbstractAutowireCapableBeanFactory.java:562)
	at org.springframework.beans.factory.support.AbstractAutowireCapableBeanFactory.createBean(AbstractAutowireCapableBeanFactory.java:522)
	at org.springframework.beans.factory.support.AbstractBeanFactory.lambda$doGetBean$0(AbstractBeanFactory.java:337)
	at org.springframework.beans.factory.support.DefaultSingletonBeanRegistry.getSingleton(DefaultSingletonBeanRegistry.java:234)
	at org.springframework.beans.factory.support.AbstractBeanFactory.doGetBean(AbstractBeanFactory.java:335)
	at org.springframework.beans.factory.support.AbstractBeanFactory.getBean(AbstractBeanFactory.java:200)
	at org.springframework.beans.factory.support.DefaultListableBeanFactory.preInstantiateSingletons(DefaultListableBeanFactory.java:975)
	at org.springframework.context.support.AbstractApplicationContext.finishBeanFactoryInitialization(AbstractApplicationContext.java:971)
	at org.springframework.context.support.AbstractApplicationContext.refresh(AbstractApplicationContext.java:625)
	at org.springframework.boot.web.servlet.context.ServletWebServerApplicationContext.refresh(ServletWebServerApplicationContext.java:146)
	at org.springframework.boot.SpringApplication.refresh(SpringApplication.java:754)
	at org.springframework.boot.SpringApplication.refreshContext(SpringApplication.java:456)
	at org.springframework.boot.SpringApplication.run(SpringApplication.java:335)
	at org.springframework.boot.SpringApplication.run(SpringApplication.java:1363)
	at org.springframework.boot.SpringApplication.run(SpringApplication.java:1352)
	at com.acme.roombooker.RoomBookerApplication.main(RoomBookerApplication.java:10)
Caused by: org.springframework.beans.factory.UnsatisfiedDependencyException: Error creating bean with name 'bookingServiceImpl' defined in file [C:\Users\johnp\Downloads\room-booker\target\classes\com\acme\roombooker\service\BookingServiceImpl.class]: Unsatisfied dependency expressed through constructor parameter 0: Error creating bean with name 'bookingRepository' defined in com.acme.roombooker.domain.repository.BookingRepository defined in @EnableJpaRepositories declared on JpaRepositoriesRegistrar.EnableJpaRepositoriesConfiguration: Could not create query for public abstract java.util.List com.acme.roombooker.domain.repository.BookingRepository.findAllByRoomAndBookingDateAndStartTimeBetween(com.acme.roombooker.domain.enums.MeetingRoom,java.time.LocalDate,java.time.LocalTime,java.time.LocalTime); Reason: Failed to create query for method public abstract java.util.List com.acme.roombooker.domain.repository.BookingRepository.findAllByRoomAndBookingDateAndStartTimeBetween(com.acme.roombooker.domain.enums.MeetingRoom,java.time.LocalDate,java.time.LocalTime,java.time.LocalTime); No property 'room' found for type 'Booking'
	at org.springframework.beans.factory.support.ConstructorResolver.createArgumentArray(ConstructorResolver.java:795)
	at org.springframework.beans.factory.support.ConstructorResolver.autowireConstructor(ConstructorResolver.java:237)
	at org.springframework.beans.factory.support.AbstractAutowireCapableBeanFactory.autowireConstructor(AbstractAutowireCapableBeanFactory.java:1375)
	at org.springframework.beans.factory.support.AbstractAutowireCapableBeanFactory.createBeanInstance(AbstractAutowireCapableBeanFactory.java:1212)
	at org.springframework.beans.factory.support.AbstractAutowireCapableBeanFactory.doCreateBean(AbstractAutowireCapableBeanFactory.java:562)
	at org.springframework.beans.factory.support.AbstractAutowireCapableBeanFactory.createBean(AbstractAutowireCapableBeanFactory.java:522)
	at org.springframework.beans.factory.support.AbstractBeanFactory.lambda$doGetBean$0(AbstractBeanFactory.java:337)
	at org.springframework.beans.factory.support.DefaultSingletonBeanRegistry.getSingleton(DefaultSingletonBeanRegistry.java:234)
	at org.springframework.beans.factory.support.AbstractBeanFactory.doGetBean(AbstractBeanFactory.java:335)
	at org.springframework.beans.factory.support.AbstractBeanFactory.getBean(AbstractBeanFactory.java:200)
	at org.springframework.beans.factory.config.DependencyDescriptor.resolveCandidate(DependencyDescriptor.java:254)
	at org.springframework.beans.factory.support.DefaultListableBeanFactory.doResolveDependency(DefaultListableBeanFactory.java:1443)
	at org.springframework.beans.factory.support.DefaultListableBeanFactory.resolveDependency(DefaultListableBeanFactory.java:1353)
	at org.springframework.beans.factory.support.ConstructorResolver.resolveAutowiredArgument(ConstructorResolver.java:904)
	at org.springframework.beans.factory.support.ConstructorResolver.createArgumentArray(ConstructorResolver.java:782)
	... 19 common frames omitted
Caused by: org.springframework.beans.factory.BeanCreationException: Error creating bean with name 'bookingRepository' defined in com.acme.roombooker.domain.repository.BookingRepository defined in @EnableJpaRepositories declared on JpaRepositoriesRegistrar.EnableJpaRepositoriesConfiguration: Could not create query for public abstract java.util.List com.acme.roombooker.domain.repository.BookingRepository.findAllByRoomAndBookingDateAndStartTimeBetween(com.acme.roombooker.domain.enums.MeetingRoom,java.time.LocalDate,java.time.LocalTime,java.time.LocalTime); Reason: Failed to create query for method public abstract java.util.List com.acme.roombooker.domain.repository.BookingRepository.findAllByRoomAndBookingDateAndStartTimeBetween(com.acme.roombooker.domain.enums.MeetingRoom,java.time.LocalDate,java.time.LocalTime,java.time.LocalTime); No property 'room' found for type 'Booking'
	at org.springframework.beans.factory.support.AbstractAutowireCapableBeanFactory.initializeBean(AbstractAutowireCapableBeanFactory.java:1806)
	at org.springframework.beans.factory.support.AbstractAutowireCapableBeanFactory.doCreateBean(AbstractAutowireCapableBeanFactory.java:600)
	at org.springframework.beans.factory.support.AbstractAutowireCapableBeanFactory.createBean(AbstractAutowireCapableBeanFactory.java:522)
	at org.springframework.beans.factory.support.AbstractBeanFactory.lambda$doGetBean$0(AbstractBeanFactory.java:337)
	at org.springframework.beans.factory.support.DefaultSingletonBeanRegistry.getSingleton(DefaultSingletonBeanRegistry.java:234)
	at org.springframework.beans.factory.support.AbstractBeanFactory.doGetBean(AbstractBeanFactory.java:335)
	at org.springframework.beans.factory.support.AbstractBeanFactory.getBean(AbstractBeanFactory.java:200)
	at org.springframework.beans.factory.config.DependencyDescriptor.resolveCandidate(DependencyDescriptor.java:254)
	at org.springframework.beans.factory.support.DefaultListableBeanFactory.doResolveDependency(DefaultListableBeanFactory.java:1443)
	at org.springframework.beans.factory.support.DefaultListableBeanFactory.resolveDependency(DefaultListableBeanFactory.java:1353)
	at org.springframework.beans.factory.support.ConstructorResolver.resolveAutowiredArgument(ConstructorResolver.java:904)
	at org.springframework.beans.factory.support.ConstructorResolver.createArgumentArray(ConstructorResolver.java:782)
	... 33 common frames omitted
Caused by: org.springframework.data.repository.query.QueryCreationException: Could not create query for public abstract java.util.List com.acme.roombooker.domain.repository.BookingRepository.findAllByRoomAndBookingDateAndStartTimeBetween(com.acme.roombooker.domain.enums.MeetingRoom,java.time.LocalDate,java.time.LocalTime,java.time.LocalTime); Reason: Failed to create query for method public abstract java.util.List com.acme.roombooker.domain.repository.BookingRepository.findAllByRoomAndBookingDateAndStartTimeBetween(com.acme.roombooker.domain.enums.MeetingRoom,java.time.LocalDate,java.time.LocalTime,java.time.LocalTime); No property 'room' found for type 'Booking'
	at org.springframework.data.repository.query.QueryCreationException.create(QueryCreationException.java:101)
	at org.springframework.data.repository.core.support.QueryExecutorMethodInterceptor.lookupQuery(QueryExecutorMethodInterceptor.java:119)
	at org.springframework.data.repository.core.support.QueryExecutorMethodInterceptor.mapMethodsToQuery(QueryExecutorMethodInterceptor.java:103)
	at org.springframework.data.repository.core.support.QueryExecutorMethodInterceptor.lambda$new$0(QueryExecutorMethodInterceptor.java:92)
	at java.base/java.util.Optional.map(Optional.java:260)
	at org.springframework.data.repository.core.support.QueryExecutorMethodInterceptor.<init>(QueryExecutorMethodInterceptor.java:92)
	at org.springframework.data.repository.core.support.RepositoryFactorySupport.getRepository(RepositoryFactorySupport.java:357)
	at org.springframework.data.repository.core.support.RepositoryFactoryBeanSupport.lambda$afterPropertiesSet$5(RepositoryFactoryBeanSupport.java:286)
	at org.springframework.data.util.Lazy.getNullable(Lazy.java:135)
	at org.springframework.data.util.Lazy.get(Lazy.java:113)
	at org.springframework.data.repository.core.support.RepositoryFactoryBeanSupport.afterPropertiesSet(RepositoryFactoryBeanSupport.java:292)
	at org.springframework.data.jpa.repository.support.JpaRepositoryFactoryBean.afterPropertiesSet(JpaRepositoryFactoryBean.java:132)
	at org.springframework.beans.factory.support.AbstractAutowireCapableBeanFactory.invokeInitMethods(AbstractAutowireCapableBeanFactory.java:1853)
	at org.springframework.beans.factory.support.AbstractAutowireCapableBeanFactory.initializeBean(AbstractAutowireCapableBeanFactory.java:1802)
	... 44 common frames omitted
Caused by: java.lang.IllegalArgumentException: Failed to create query for method public abstract java.util.List com.acme.roombooker.domain.repository.BookingRepository.findAllByRoomAndBookingDateAndStartTimeBetween(com.acme.roombooker.domain.enums.MeetingRoom,java.time.LocalDate,java.time.LocalTime,java.time.LocalTime); No property 'room' found for type 'Booking'
	at org.springframework.data.jpa.repository.query.PartTreeJpaQuery.<init>(PartTreeJpaQuery.java:107)
	at org.springframework.data.jpa.repository.query.JpaQueryLookupStrategy$CreateQueryLookupStrategy.resolveQuery(JpaQueryLookupStrategy.java:124)
	at org.springframework.data.jpa.repository.query.JpaQueryLookupStrategy$CreateIfNotFoundQueryLookupStrategy.resolveQuery(JpaQueryLookupStrategy.java:258)
	at org.springframework.data.jpa.repository.query.JpaQueryLookupStrategy$AbstractQueryLookupStrategy.resolveQuery(JpaQueryLookupStrategy.java:95)
	at org.springframework.data.repository.core.support.QueryExecutorMethodInterceptor.lookupQuery(QueryExecutorMethodInterceptor.java:115)
	... 56 common frames omitted
Caused by: org.springframework.data.mapping.PropertyReferenceException: No property 'room' found for type 'Booking'
	at org.springframework.data.mapping.PropertyPath.<init>(PropertyPath.java:94)
	at org.springframework.data.mapping.PropertyPath.create(PropertyPath.java:455)
	at org.springframework.data.mapping.PropertyPath.create(PropertyPath.java:431)
	at org.springframework.data.mapping.PropertyPath.lambda$from$0(PropertyPath.java:384)
	at java.base/java.util.concurrent.ConcurrentMap.computeIfAbsent(ConcurrentMap.java:330)
	at org.springframework.data.mapping.PropertyPath.from(PropertyPath.java:366)
	at org.springframework.data.mapping.PropertyPath.from(PropertyPath.java:344)
	at org.springframework.data.repository.query.parser.Part.<init>(Part.java:81)
	at org.springframework.data.repository.query.parser.PartTree$OrPart.lambda$new$0(PartTree.java:259)
	at java.base/java.util.stream.ReferencePipeline$3$1.accept(ReferencePipeline.java:197)
	at java.base/java.util.stream.ReferencePipeline$2$1.accept(ReferencePipeline.java:179)
	at java.base/java.util.Spliterators$ArraySpliterator.forEachRemaining(Spliterators.java:1024)
	at java.base/java.util.stream.AbstractPipeline.copyInto(AbstractPipeline.java:509)
	at java.base/java.util.stream.AbstractPipeline.wrapAndCopyInto(AbstractPipeline.java:499)
	at java.base/java.util.stream.ReduceOps$ReduceOp.evaluateSequential(ReduceOps.java:921)
	at java.base/java.util.stream.AbstractPipeline.evaluate(AbstractPipeline.java:234)
	at java.base/java.util.stream.ReferencePipeline.collect(ReferencePipeline.java:682)
	at org.springframework.data.repository.query.parser.PartTree$OrPart.<init>(PartTree.java:260)
	at org.springframework.data.repository.query.parser.PartTree$Predicate.lambda$new$0(PartTree.java:389)
	at java.base/java.util.stream.ReferencePipeline$3$1.accept(ReferencePipeline.java:197)
	at java.base/java.util.stream.ReferencePipeline$2$1.accept(ReferencePipeline.java:179)
	at java.base/java.util.Spliterators$ArraySpliterator.forEachRemaining(Spliterators.java:1024)
	at java.base/java.util.stream.AbstractPipeline.copyInto(AbstractPipeline.java:509)
	at java.base/java.util.stream.AbstractPipeline.wrapAndCopyInto(AbstractPipeline.java:499)
	at java.base/java.util.stream.ReduceOps$ReduceOp.evaluateSequential(ReduceOps.java:921)
	at java.base/java.util.stream.AbstractPipeline.evaluate(AbstractPipeline.java:234)
	at java.base/java.util.stream.ReferencePipeline.collect(ReferencePipeline.java:682)
	at org.springframework.data.repository.query.parser.PartTree$Predicate.<init>(PartTree.java:390)
	at org.springframework.data.repository.query.parser.PartTree.<init>(PartTree.java:103)
	at org.springframework.data.jpa.repository.query.PartTreeJpaQuery.<init>(PartTreeJpaQuery.java:101)
	... 60 common frames omitted
